[debug] [2023-02-02T01:21:59.196Z] ----------------------------------------------------------------------
[debug] [2023-02-02T01:21:59.197Z] Command:       C:\Program Files\nodejs\node.exe C:\Users\al\AppData\Roaming\npm\node_modules\firebase-tools\lib\bin\firebase.js emulators:start --only functions
[debug] [2023-02-02T01:21:59.198Z] CLI Version:   11.22.0
[debug] [2023-02-02T01:21:59.198Z] Platform:      win32
[debug] [2023-02-02T01:21:59.198Z] Node Version:  v18.12.1
[debug] [2023-02-02T01:21:59.199Z] Time:          Wed Feb 01 2023 20:21:59 GMT-0500 (Eastern Standard Time)
[debug] [2023-02-02T01:21:59.199Z] ----------------------------------------------------------------------
[debug] 
[debug] [2023-02-02T01:21:59.268Z] > command requires scopes: ["email","openid","https://www.googleapis.com/auth/cloudplatformprojects.readonly","https://www.googleapis.com/auth/firebase","https://www.googleapis.com/auth/cloud-platform"]
[debug] [2023-02-02T01:21:59.268Z] > authorizing via signed-in user (yap.alfredo89@gmail.com)
[info] i  emulators: Starting emulators: functions {"metadata":{"emulator":{"name":"hub"},"message":"Starting emulators: functions"}}
[debug] [2023-02-02T01:21:59.280Z] [logging] Logging Emulator only supports listening on one address (127.0.0.1). Not listening on ::1
[warn] !  ui: Emulator UI unable to start on port 4000, starting on 4001 instead. {"metadata":{"emulator":{"name":"ui"},"message":"Emulator UI unable to start on port 4000, starting on 4001 instead."}}
[debug] [2023-02-02T01:21:59.282Z] assigned listening specs for emulators {"user":{"hub":[{"address":"127.0.0.1","family":"IPv4","port":4400},{"address":"::1","family":"IPv6","port":4400}],"logging":[{"address":"127.0.0.1","family":"IPv4","port":4500}],"ui":[{"address":"127.0.0.1","family":"IPv4","port":4001},{"address":"::1","family":"IPv6","port":4001}]},"metadata":{"message":"assigned listening specs for emulators"}}
[debug] [2023-02-02T01:21:59.288Z] [hub] writing locator at C:\Users\al\AppData\Local\Temp\hub-mealstogo-82704.json
[debug] [2023-02-02T01:21:59.308Z] [functions] Functions Emulator only supports listening on one address (127.0.0.1). Not listening on ::1
[debug] [2023-02-02T01:21:59.308Z] [eventarc] Eventarc Emulator only supports listening on one address (127.0.0.1). Not listening on ::1
[debug] [2023-02-02T01:21:59.309Z] late-assigned ports for functions and eventarc emulators {"user":{"hub":[{"address":"127.0.0.1","family":"IPv4","port":4400},{"address":"::1","family":"IPv6","port":4400}],"logging":[{"address":"127.0.0.1","family":"IPv4","port":4500}],"ui":[{"address":"127.0.0.1","family":"IPv4","port":4001},{"address":"::1","family":"IPv6","port":4001}],"functions":[{"address":"127.0.0.1","family":"IPv4","port":5001}],"eventarc":[{"address":"127.0.0.1","family":"IPv4","port":9299}]},"metadata":{"message":"late-assigned ports for functions and eventarc emulators"}}
[warn] !  functions: The following emulators are not running, calls to these services from the Functions emulator will affect production: auth, firestore, database, hosting, pubsub, storage {"metadata":{"emulator":{"name":"functions"},"message":"The following emulators are not running, calls to these services from the Functions emulator will affect production: \u001b[1mauth, firestore, database, hosting, pubsub, storage\u001b[22m"}}
[debug] [2023-02-02T01:21:59.314Z] defaultcredentials: writing to file C:\Users\al\AppData\Roaming\firebase\yap_alfredo89_gmail.com_application_default_credentials.json
[debug] [2023-02-02T01:21:59.328Z] Setting GAC to C:\Users\al\AppData\Roaming\firebase\yap_alfredo89_gmail.com_application_default_credentials.json {"metadata":{"emulator":{"name":"functions"},"message":"Setting GAC to C:\\Users\\al\\AppData\\Roaming\\firebase\\yap_alfredo89_gmail.com_application_default_credentials.json"}}
[debug] [2023-02-02T01:21:59.330Z] >>> [apiv2][query] GET https://firebase.googleapis.com/v1beta1/projects/mealstogo-82704/adminSdkConfig [none]
[debug] [2023-02-02T01:21:59.699Z] <<< [apiv2][status] GET https://firebase.googleapis.com/v1beta1/projects/mealstogo-82704/adminSdkConfig 200
[debug] [2023-02-02T01:21:59.699Z] <<< [apiv2][body] GET https://firebase.googleapis.com/v1beta1/projects/mealstogo-82704/adminSdkConfig {"projectId":"mealstogo-82704","storageBucket":"mealstogo-82704.appspot.com"}
[debug] [2023-02-02T01:21:59.714Z] Ignoring unsupported arg: auto_download {"metadata":{"emulator":{"name":"ui"},"message":"Ignoring unsupported arg: auto_download"}}
[debug] [2023-02-02T01:21:59.715Z] Ignoring unsupported arg: port {"metadata":{"emulator":{"name":"ui"},"message":"Ignoring unsupported arg: port"}}
[debug] [2023-02-02T01:21:59.715Z] Starting Emulator UI with command {"binary":"node","args":["C:\\Users\\al\\.cache\\firebase\\emulators\\ui-v1.11.2\\server\\server.js"],"optionalArgs":[],"joinArgs":false} {"metadata":{"emulator":{"name":"ui"},"message":"Starting Emulator UI with command {\"binary\":\"node\",\"args\":[\"C:\\\\Users\\\\al\\\\.cache\\\\firebase\\\\emulators\\\\ui-v1.11.2\\\\server\\\\server.js\"],\"optionalArgs\":[],\"joinArgs\":false}"}}
[info] i  ui: Emulator UI logging to ui-debug.log {"metadata":{"emulator":{"name":"ui"},"message":"Emulator UI logging to \u001b[1mui-debug.log\u001b[22m"}}
[debug] [2023-02-02T01:21:59.858Z] Web / API server started at 127.0.0.1:4001
 {"metadata":{"emulator":{"name":"ui"},"message":"Web / API server started at 127.0.0.1:4001\n"}}
[debug] [2023-02-02T01:21:59.858Z] Web / API server started at ::1:4001
 {"metadata":{"emulator":{"name":"ui"},"message":"Web / API server started at ::1:4001\n"}}
[info] i  functions: Watching "C:\Users\al\Desktop\react-tutorial\Projects\MealsToGo\functions" for Cloud Functions... {"metadata":{"emulator":{"name":"functions"},"message":"Watching \"C:\\Users\\al\\Desktop\\react-tutorial\\Projects\\MealsToGo\\functions\" for Cloud Functions..."}}
[debug] [2023-02-02T01:21:59.990Z] Validating nodejs source
[warn] !  functions: package.json indicates an outdated version of firebase-functions. Please upgrade using npm install --save firebase-functions@latest in your functions directory. 
[warn] !  functions: Please note that there will be breaking changes when you upgrade. 
[debug] [2023-02-02T01:22:01.448Z] > [functions] package.json contents: {
  "name": "functions",
  "description": "Cloud Functions for Firebase",
  "scripts": {
    "serve": "firebase emulators:start --only functions",
    "shell": "firebase functions:shell",
    "start": "npm run shell",
    "deploy": "firebase deploy --only functions",
    "logs": "firebase functions:log"
  },
  "engines": {
    "node": "18"
  },
  "main": "index.js",
  "dependencies": {
    "firebase-admin": "^10.0.2",
    "firebase-functions": "^3.18.0"
  },
  "devDependencies": {
    "firebase-functions-test": "^0.2.0"
  },
  "private": true
}
[debug] [2023-02-02T01:22:01.448Z] Building nodejs source
[debug] [2023-02-02T01:22:01.449Z] Failed to find version of module node: reached end of search path C:\Users\al\Desktop\react-tutorial\Projects\MealsToGo\functions\node_modules
[info] +  functions: Using node@18 from host. 
[debug] [2023-02-02T01:22:01.452Z] Could not find functions.yaml. Must use http discovery
[debug] [2023-02-02T01:22:01.462Z] Found firebase-functions binary at 'C:\Users\al\Desktop\react-tutorial\Projects\MealsToGo\functions\node_modules\.bin\firebase-functions'
[debug] [2023-02-02T01:22:01.722Z] Serving at port 8747

[debug] [2023-02-02T01:22:01.793Z] Got response from /__/functions.yaml {"endpoints":{"geocode":{"platform":"gcfv1","httpsTrigger":{},"entryPoint":"geocode"}},"specVersion":"v1alpha1","requiredAPIs":[]}
[debug] [2023-02-02T01:22:01.804Z] shutdown requested via /__/quitquitquit

[info] +  functions: Loaded functions definitions from source: geocode. {"metadata":{"emulator":{"name":"functions"},"message":"Loaded functions definitions from source: geocode."}}
[info] +  functions[us-central1-geocode]: http function initialized (http://127.0.0.1:5001/mealstogo-82704/us-central1/geocode). {"metadata":{"emulator":{"name":"functions"},"message":"\u001b[1mhttp\u001b[22m function initialized (http://127.0.0.1:5001/mealstogo-82704/us-central1/geocode)."}}
[info] 
┌─────────────────────────────────────────────────────────────┐
│ ✔  All emulators ready! It is now safe to connect your app. │
│ i  View Emulator UI at http://127.0.0.1:4001/               │
└─────────────────────────────────────────────────────────────┘

┌───────────┬────────────────┬─────────────────────────────────┐
│ Emulator  │ Host:Port      │ View in Emulator UI             │
├───────────┼────────────────┼─────────────────────────────────┤
│ Functions │ 127.0.0.1:5001 │ http://127.0.0.1:4001/functions │
└───────────┴────────────────┴─────────────────────────────────┘
  Emulator Hub running at 127.0.0.1:4400
  Other reserved ports: 4500

Issues? Report them at https://github.com/firebase/firebase-tools/issues and attach the *-debug.log files.
 
[debug] [2023-02-02T01:27:32.497Z] Functions emulator received unknown request at path /
[debug] [2023-02-02T01:27:32.994Z] Functions emulator received unknown request at path /favicon.ico
[debug] [2023-02-02T01:27:56.343Z] [work-queue] {"queuedWork":["/mealstogo-82704/us-central1/geocode-2023-02-02T01:27:56.343Z"],"queueLength":1,"runningWork":[],"workRunningCount":0}
[debug] [2023-02-02T01:27:56.344Z] [work-queue] {"queuedWork":[],"queueLength":0,"runningWork":["/mealstogo-82704/us-central1/geocode-2023-02-02T01:27:56.343Z"],"workRunningCount":1}
[debug] [2023-02-02T01:27:56.344Z] Accepted request GET /mealstogo-82704/us-central1/geocode?city=san%20francisco --> us-central1-geocode
[debug] [2023-02-02T01:27:56.345Z] [functions] Runtime ready! Sending request! {"metadata":{"emulator":{"name":"functions"},"message":"[functions] Runtime ready! Sending request!"}}
[debug] [2023-02-02T01:27:56.346Z] [functions] Got req.url=/mealstogo-82704/us-central1/geocode?city=san%20francisco, mapping to path=/?city=san%20francisco {"metadata":{"emulator":{"name":"functions"},"message":"[functions] Got req.url=/mealstogo-82704/us-central1/geocode?city=san%20francisco, mapping to path=/?city=san%20francisco"}}
[debug] [2023-02-02T01:27:56.376Z] [worker-pool] addWorker(us-central1-geocode) {"metadata":{"emulator":{"name":"functions"},"message":"[worker-pool] addWorker(us-central1-geocode)"}}
[debug] [2023-02-02T01:27:56.376Z] [worker-pool] Adding worker with key us-central1-geocode, total=1 {"metadata":{"emulator":{"name":"functions"},"message":"[worker-pool] Adding worker with key us-central1-geocode, total=1"}}
[debug] [2023-02-02T01:27:57.826Z] [runtime-status] [29368] Resolved module firebase-admin {"declared":true,"installed":true,"version":"10.3.0","resolution":"C:\\Users\\al\\Desktop\\react-tutorial\\Projects\\MealsToGo\\functions\\node_modules\\firebase-admin\\lib\\index.js"} {"metadata":{"emulator":{"name":"functions"},"function":{"name":"us-central1-geocode"},"extension":{},"message":"[runtime-status] [29368] Resolved module firebase-admin {\"declared\":true,\"installed\":true,\"version\":\"10.3.0\",\"resolution\":\"C:\\\\Users\\\\al\\\\Desktop\\\\react-tutorial\\\\Projects\\\\MealsToGo\\\\functions\\\\node_modules\\\\firebase-admin\\\\lib\\\\index.js\"}"}}
[debug] [2023-02-02T01:27:57.827Z] [runtime-status] [29368] Resolved module firebase-functions {"declared":true,"installed":true,"version":"3.24.1","resolution":"C:\\Users\\al\\Desktop\\react-tutorial\\Projects\\MealsToGo\\functions\\node_modules\\firebase-functions\\lib\\index.js"} {"metadata":{"emulator":{"name":"functions"},"function":{"name":"us-central1-geocode"},"extension":{},"message":"[runtime-status] [29368] Resolved module firebase-functions {\"declared\":true,\"installed\":true,\"version\":\"3.24.1\",\"resolution\":\"C:\\\\Users\\\\al\\\\Desktop\\\\react-tutorial\\\\Projects\\\\MealsToGo\\\\functions\\\\node_modules\\\\firebase-functions\\\\lib\\\\index.js\"}"}}
[debug] [2023-02-02T01:27:57.828Z] [runtime-status] [29368] Outgoing network have been stubbed. [{"name":"http","status":"mocked"},{"name":"http","status":"mocked"},{"name":"https","status":"mocked"},{"name":"https","status":"mocked"},{"name":"net","status":"mocked"}] {"metadata":{"emulator":{"name":"functions"},"function":{"name":"us-central1-geocode"},"extension":{},"message":"[runtime-status] [29368] Outgoing network have been stubbed. [{\"name\":\"http\",\"status\":\"mocked\"},{\"name\":\"http\",\"status\":\"mocked\"},{\"name\":\"https\",\"status\":\"mocked\"},{\"name\":\"https\",\"status\":\"mocked\"},{\"name\":\"net\",\"status\":\"mocked\"}]"}}
[debug] [2023-02-02T01:27:57.829Z] [runtime-status] [29368] Resolved module firebase-functions {"declared":true,"installed":true,"version":"3.24.1","resolution":"C:\\Users\\al\\Desktop\\react-tutorial\\Projects\\MealsToGo\\functions\\node_modules\\firebase-functions\\lib\\index.js"} {"metadata":{"emulator":{"name":"functions"},"function":{"name":"us-central1-geocode"},"extension":{},"message":"[runtime-status] [29368] Resolved module firebase-functions {\"declared\":true,\"installed\":true,\"version\":\"3.24.1\",\"resolution\":\"C:\\\\Users\\\\al\\\\Desktop\\\\react-tutorial\\\\Projects\\\\MealsToGo\\\\functions\\\\node_modules\\\\firebase-functions\\\\lib\\\\index.js\"}"}}
[debug] [2023-02-02T01:27:57.876Z] [runtime-status] [29368] Checked functions.config() {"config":{}} {"metadata":{"emulator":{"name":"functions"},"function":{"name":"us-central1-geocode"},"extension":{},"message":"[runtime-status] [29368] Checked functions.config() {\"config\":{}}"}}
[debug] [2023-02-02T01:27:57.876Z] [runtime-status] [29368] firebase-functions has been stubbed. {"functionsResolution":{"declared":true,"installed":true,"version":"3.24.1","resolution":"C:\\Users\\al\\Desktop\\react-tutorial\\Projects\\MealsToGo\\functions\\node_modules\\firebase-functions\\lib\\index.js"}} {"metadata":{"emulator":{"name":"functions"},"function":{"name":"us-central1-geocode"},"extension":{},"message":"[runtime-status] [29368] firebase-functions has been stubbed. {\"functionsResolution\":{\"declared\":true,\"installed\":true,\"version\":\"3.24.1\",\"resolution\":\"C:\\\\Users\\\\al\\\\Desktop\\\\react-tutorial\\\\Projects\\\\MealsToGo\\\\functions\\\\node_modules\\\\firebase-functions\\\\lib\\\\index.js\"}}"}}
[debug] [2023-02-02T01:27:57.877Z] [runtime-status] [29368] Resolved module firebase-functions {"declared":true,"installed":true,"version":"3.24.1","resolution":"C:\\Users\\al\\Desktop\\react-tutorial\\Projects\\MealsToGo\\functions\\node_modules\\firebase-functions\\lib\\index.js"} {"metadata":{"emulator":{"name":"functions"},"function":{"name":"us-central1-geocode"},"extension":{},"message":"[runtime-status] [29368] Resolved module firebase-functions {\"declared\":true,\"installed\":true,\"version\":\"3.24.1\",\"resolution\":\"C:\\\\Users\\\\al\\\\Desktop\\\\react-tutorial\\\\Projects\\\\MealsToGo\\\\functions\\\\node_modules\\\\firebase-functions\\\\lib\\\\index.js\"}"}}
[debug] [2023-02-02T01:27:57.879Z] [runtime-status] [29368] Resolved module firebase-admin {"declared":true,"installed":true,"version":"10.3.0","resolution":"C:\\Users\\al\\Desktop\\react-tutorial\\Projects\\MealsToGo\\functions\\node_modules\\firebase-admin\\lib\\index.js"} {"metadata":{"emulator":{"name":"functions"},"function":{"name":"us-central1-geocode"},"extension":{},"message":"[runtime-status] [29368] Resolved module firebase-admin {\"declared\":true,\"installed\":true,\"version\":\"10.3.0\",\"resolution\":\"C:\\\\Users\\\\al\\\\Desktop\\\\react-tutorial\\\\Projects\\\\MealsToGo\\\\functions\\\\node_modules\\\\firebase-admin\\\\lib\\\\index.js\"}"}}
[debug] [2023-02-02T01:27:57.880Z] [runtime-status] [29368] Resolved module firebase-functions {"declared":true,"installed":true,"version":"3.24.1","resolution":"C:\\Users\\al\\Desktop\\react-tutorial\\Projects\\MealsToGo\\functions\\node_modules\\firebase-functions\\lib\\index.js"} {"metadata":{"emulator":{"name":"functions"},"function":{"name":"us-central1-geocode"},"extension":{},"message":"[runtime-status] [29368] Resolved module firebase-functions {\"declared\":true,\"installed\":true,\"version\":\"3.24.1\",\"resolution\":\"C:\\\\Users\\\\al\\\\Desktop\\\\react-tutorial\\\\Projects\\\\MealsToGo\\\\functions\\\\node_modules\\\\firebase-functions\\\\lib\\\\index.js\"}"}}
[debug] [2023-02-02T01:27:57.880Z] [runtime-status] [29368] firebase-admin has been stubbed. {"adminResolution":{"declared":true,"installed":true,"version":"10.3.0","resolution":"C:\\Users\\al\\Desktop\\react-tutorial\\Projects\\MealsToGo\\functions\\node_modules\\firebase-admin\\lib\\index.js"}} {"metadata":{"emulator":{"name":"functions"},"function":{"name":"us-central1-geocode"},"extension":{},"message":"[runtime-status] [29368] firebase-admin has been stubbed. {\"adminResolution\":{\"declared\":true,\"installed\":true,\"version\":\"10.3.0\",\"resolution\":\"C:\\\\Users\\\\al\\\\Desktop\\\\react-tutorial\\\\Projects\\\\MealsToGo\\\\functions\\\\node_modules\\\\firebase-admin\\\\lib\\\\index.js\"}}"}}
[debug] [2023-02-02T01:27:57.888Z] [runtime-status] [29368] Functions runtime initialized. {"cwd":"C:\\Users\\al\\Desktop\\react-tutorial\\Projects\\MealsToGo\\functions","node_version":"18.12.1"} {"metadata":{"emulator":{"name":"functions"},"function":{"name":"us-central1-geocode"},"extension":{},"message":"[runtime-status] [29368] Functions runtime initialized. {\"cwd\":\"C:\\\\Users\\\\al\\\\Desktop\\\\react-tutorial\\\\Projects\\\\MealsToGo\\\\functions\",\"node_version\":\"18.12.1\"}"}}
[debug] [2023-02-02T01:27:57.888Z] [runtime-status] [29368] Listening to port: \\?\pipe\fire_emu_b243529ea1dfa28a {"metadata":{"emulator":{"name":"functions"},"function":{"name":"us-central1-geocode"},"extension":{},"message":"[runtime-status] [29368] Listening to port: \\\\?\\pipe\\fire_emu_b243529ea1dfa28a"}}
[debug] [2023-02-02T01:27:57.990Z] [worker-us-central1-geocode-b747b26d-3ba9-4278-bc43-93baec07c118]: IDLE {"metadata":{"emulator":{"name":"functions"},"message":"[worker-us-central1-geocode-b747b26d-3ba9-4278-bc43-93baec07c118]: IDLE"}}
[debug] [2023-02-02T01:27:57.990Z] [worker-pool] submitRequest(triggerId=us-central1-geocode) {"metadata":{"emulator":{"name":"functions"},"message":"[worker-pool] submitRequest(triggerId=us-central1-geocode)"}}
[debug] [2023-02-02T01:27:57.990Z] [worker-us-central1-geocode-b747b26d-3ba9-4278-bc43-93baec07c118]: BUSY {"metadata":{"emulator":{"name":"functions"},"message":"[worker-us-central1-geocode-b747b26d-3ba9-4278-bc43-93baec07c118]: BUSY"}}
[info] i  functions: Beginning execution of "geocode" {"metadata":{"emulator":{"name":"functions"},"function":{"name":"us-central1-geocode"},"extension":{},"message":"Beginning execution of \"geocode\""}}
[debug] [2023-02-02T01:27:57.998Z] [worker-us-central1-geocode-b747b26d-3ba9-4278-bc43-93baec07c118]: IDLE {"metadata":{"emulator":{"name":"functions"},"message":"[worker-us-central1-geocode-b747b26d-3ba9-4278-bc43-93baec07c118]: IDLE"}}
[debug] [2023-02-02T01:27:57.998Z] [work-queue] {"queuedWork":[],"queueLength":0,"runningWork":[],"workRunningCount":0}
[info] i  functions: Finished "geocode" in 3.448ms {"metadata":{"emulator":{"name":"functions"},"function":{"name":"us-central1-geocode"},"extension":{},"message":"Finished \"geocode\" in 3.448ms"}}
[debug] [2023-02-02T01:28:21.799Z] Functions emulator received unknown request at path /
[debug] [2023-02-02T01:35:02.130Z] [work-queue] {"queuedWork":["/mealstogo-82704/us-central1/geocode-2023-02-02T01:35:02.130Z"],"queueLength":1,"runningWork":[],"workRunningCount":0}
[debug] [2023-02-02T01:35:02.130Z] [work-queue] {"queuedWork":[],"queueLength":0,"runningWork":["/mealstogo-82704/us-central1/geocode-2023-02-02T01:35:02.130Z"],"workRunningCount":1}
[debug] [2023-02-02T01:35:02.130Z] Accepted request GET /mealstogo-82704/us-central1/geocode?city=san%20francisco --> us-central1-geocode
[debug] [2023-02-02T01:35:02.131Z] [functions] Runtime ready! Sending request! {"metadata":{"emulator":{"name":"functions"},"message":"[functions] Runtime ready! Sending request!"}}
[debug] [2023-02-02T01:35:02.131Z] [functions] Got req.url=/mealstogo-82704/us-central1/geocode?city=san%20francisco, mapping to path=/?city=san%20francisco {"metadata":{"emulator":{"name":"functions"},"message":"[functions] Got req.url=/mealstogo-82704/us-central1/geocode?city=san%20francisco, mapping to path=/?city=san%20francisco"}}
[debug] [2023-02-02T01:35:02.131Z] [worker-pool] submitRequest(triggerId=us-central1-geocode) {"metadata":{"emulator":{"name":"functions"},"message":"[worker-pool] submitRequest(triggerId=us-central1-geocode)"}}
[debug] [2023-02-02T01:35:02.131Z] [worker-us-central1-geocode-b747b26d-3ba9-4278-bc43-93baec07c118]: BUSY {"metadata":{"emulator":{"name":"functions"},"message":"[worker-us-central1-geocode-b747b26d-3ba9-4278-bc43-93baec07c118]: BUSY"}}
[info] i  functions: Beginning execution of "geocode" {"metadata":{"emulator":{"name":"functions"},"function":{"name":"us-central1-geocode"},"extension":{},"message":"Beginning execution of \"geocode\""}}
[debug] [2023-02-02T01:35:02.135Z] [worker-us-central1-geocode-b747b26d-3ba9-4278-bc43-93baec07c118]: IDLE {"metadata":{"emulator":{"name":"functions"},"message":"[worker-us-central1-geocode-b747b26d-3ba9-4278-bc43-93baec07c118]: IDLE"}}
[debug] [2023-02-02T01:35:02.135Z] [work-queue] {"queuedWork":[],"queueLength":0,"runningWork":[],"workRunningCount":0}
[info] i  functions: Finished "geocode" in 1.6763ms {"metadata":{"emulator":{"name":"functions"},"function":{"name":"us-central1-geocode"},"extension":{},"message":"Finished \"geocode\" in 1.6763ms"}}
